SF:lib/src/dispose.dart
DA:13,3
DA:23,6
LF:2
LH:2
end_of_record
SF:lib/src/modugo.dart
DA:33,6
DA:54,0
DA:59,1
DA:60,1
DA:67,16
DA:71,2
DA:78,9
DA:96,6
DA:104,9
DA:110,2
DA:111,6
DA:113,4
DA:114,4
DA:115,2
DA:138,5
DA:166,5
DA:167,5
DA:169,5
DA:171,5
DA:183,5
DA:193,11
DA:194,2
DA:196,1
DA:198,2
DA:200,1
DA:201,1
DA:205,2
DA:206,2
DA:213,2
DA:215,4
DA:216,4
DA:217,3
DA:218,4
DA:222,4
DA:223,2
DA:224,2
DA:228,3
DA:229,1
DA:230,2
DA:235,2
DA:236,1
DA:245,2
DA:246,2
DA:248,2
DA:249,2
DA:250,2
DA:251,0
DA:255,2
LF:48
LH:46
end_of_record
SF:lib/src/module.dart
DA:51,2
DA:58,7
DA:65,0
DA:80,6
DA:83,4
DA:86,1
DA:107,7
DA:108,14
DA:109,14
DA:112,7
DA:113,7
DA:114,7
DA:116,7
DA:118,7
DA:119,7
DA:120,28
DA:122,7
DA:123,21
DA:126,21
DA:129,7
DA:133,14
DA:135,7
DA:137,7
DA:138,7
DA:139,3
DA:140,4
DA:141,1
DA:145,3
DA:146,2
DA:151,1
DA:153,3
DA:155,2
DA:157,0
DA:159,0
DA:165,2
DA:172,7
DA:173,0
DA:176,0
DA:178,4
DA:186,7
DA:187,7
DA:188,7
DA:189,7
DA:190,7
DA:191,14
DA:193,7
DA:195,2
DA:197,2
DA:198,2
DA:199,2
DA:200,10
DA:201,2
DA:203,4
DA:205,2
DA:206,2
DA:207,4
DA:208,4
DA:210,4
DA:212,0
DA:218,2
DA:219,2
DA:220,4
DA:224,1
DA:225,2
DA:230,0
DA:231,0
DA:233,0
DA:237,0
DA:238,0
DA:244,7
DA:245,7
DA:246,7
DA:247,11
DA:248,7
DA:250,7
DA:251,7
DA:253,14
DA:254,7
DA:255,2
DA:256,2
DA:257,2
DA:258,2
DA:259,2
DA:261,1
DA:262,2
DA:263,3
DA:264,4
DA:270,1
DA:271,2
DA:272,1
DA:273,2
DA:275,1
DA:277,1
DA:281,0
DA:282,0
DA:290,1
DA:291,1
DA:293,1
DA:294,1
DA:296,1
DA:297,1
DA:298,1
DA:299,1
DA:301,0
DA:302,0
DA:303,0
DA:304,0
DA:305,0
DA:311,1
DA:312,0
DA:315,0
DA:322,7
DA:323,6
DA:330,0
DA:336,0
DA:337,0
DA:339,0
DA:340,0
DA:345,2
DA:346,3
DA:348,7
DA:350,7
DA:352,0
DA:354,0
DA:357,0
DA:362,2
DA:367,6
DA:369,2
DA:370,2
DA:371,4
DA:372,2
DA:373,2
DA:374,4
DA:379,0
DA:385,0
DA:386,0
DA:387,0
DA:388,0
DA:390,0
DA:393,1
DA:400,2
DA:403,1
DA:406,2
DA:409,0
DA:416,1
DA:419,3
DA:420,6
DA:421,6
DA:422,3
DA:423,6
DA:426,0
DA:427,0
DA:428,0
LF:153
LH:115
end_of_record
SF:lib/src/extensions/guard_extension.dart
DA:28,4
DA:29,2
DA:30,2
DA:31,2
DA:32,2
DA:33,2
DA:34,2
DA:35,2
DA:36,2
DA:37,4
DA:38,2
DA:60,2
DA:61,1
DA:62,1
DA:63,1
DA:64,1
DA:65,1
DA:66,2
DA:86,1
DA:87,1
DA:88,1
DA:89,1
DA:90,1
DA:91,1
DA:92,1
DA:93,1
DA:94,1
DA:95,1
DA:96,2
DA:119,1
DA:120,1
DA:121,1
DA:122,1
DA:123,1
DA:124,1
DA:125,2
LF:36
LH:36
end_of_record
SF:lib/src/routes/child_route.dart
DA:92,13
DA:105,2
DA:108,1
DA:109,3
DA:110,3
DA:111,3
DA:112,3
DA:113,3
DA:114,3
DA:116,1
DA:118,3
DA:119,3
DA:120,3
DA:121,3
DA:122,2
LF:15
LH:15
end_of_record
SF:lib/src/routes/module_route.dart
DA:68,8
DA:77,3
DA:80,2
DA:81,6
DA:82,6
DA:83,6
DA:84,6
DA:85,6
DA:86,6
DA:88,2
DA:90,6
DA:91,6
DA:92,6
DA:93,6
DA:94,4
LF:15
LH:15
end_of_record
SF:lib/src/routes/shell_module_route.dart
DA:93,4
DA:106,2
DA:109,1
DA:110,3
DA:111,3
DA:112,3
DA:113,3
DA:114,3
DA:115,3
DA:116,3
DA:118,1
DA:120,3
DA:121,4
DA:122,3
DA:123,3
DA:124,3
DA:125,2
LF:17
LH:17
end_of_record
SF:lib/src/routes/stateful_shell_module_route.dart
DA:75,5
DA:92,4
DA:94,20
DA:95,4
DA:96,4
DA:98,4
DA:99,4
DA:100,4
DA:101,8
DA:105,3
DA:106,1
DA:107,1
DA:108,1
DA:109,1
DA:110,1
DA:111,1
DA:112,3
DA:114,1
DA:115,0
DA:116,0
DA:123,3
DA:124,6
DA:126,4
DA:128,4
DA:129,4
DA:130,4
DA:132,4
DA:133,4
DA:137,2
DA:140,1
DA:141,3
DA:142,3
DA:143,3
DA:144,3
DA:145,3
DA:146,3
DA:147,3
DA:149,1
DA:151,3
DA:152,3
DA:153,3
DA:154,3
DA:155,3
DA:156,2
LF:44
LH:42
end_of_record
SF:lib/src/event.dart
DA:18,3
DA:24,3
DA:43,3
DA:45,2
DA:70,1
DA:76,2
DA:90,1
DA:91,1
DA:92,3
DA:93,3
DA:142,0
DA:147,0
DA:148,0
DA:150,0
DA:151,0
DA:152,0
DA:153,0
DA:154,0
DA:155,0
DA:158,0
DA:161,0
DA:162,0
DA:165,0
DA:166,0
DA:169,0
DA:191,1
DA:192,1
DA:193,3
DA:194,1
DA:236,3
DA:244,1
DA:245,2
DA:331,1
DA:336,5
DA:338,3
DA:339,3
DA:341,4
DA:344,4
DA:345,1
DA:346,1
DA:347,2
DA:348,1
DA:349,2
DA:352,2
DA:356,1
DA:357,0
DA:360,0
DA:361,0
DA:364,0
DA:368,4
DA:371,1
DA:373,1
DA:374,1
DA:377,1
DA:379,2
DA:381,2
DA:383,0
DA:384,0
DA:388,2
DA:390,1
LF:60
LH:39
end_of_record
SF:lib/src/manager.dart
DA:28,39
DA:33,13
DA:39,26
DA:46,1
DA:47,1
DA:53,2
DA:55,2
DA:64,3
DA:66,3
DA:68,1
DA:78,2
DA:79,2
DA:85,7
DA:86,14
DA:92,0
DA:94,0
DA:102,8
DA:104,8
DA:106,8
DA:107,8
DA:119,8
DA:121,16
DA:123,8
DA:124,24
DA:126,24
DA:136,4
DA:138,8
DA:139,16
DA:149,2
DA:151,4
DA:153,6
DA:154,10
DA:157,3
DA:158,10
DA:159,8
DA:160,4
DA:173,2
DA:175,4
DA:176,6
DA:178,2
DA:179,3
DA:184,6
DA:186,4
DA:188,4
DA:189,2
DA:192,4
DA:195,8
DA:198,16
DA:199,16
DA:200,16
DA:202,8
DA:203,12
DA:204,4
DA:205,4
DA:208,11
DA:209,6
DA:210,6
DA:211,6
DA:213,3
DA:214,6
DA:215,3
DA:216,3
DA:220,16
DA:223,4
DA:224,20
DA:227,2
DA:228,4
DA:229,10
DA:230,6
DA:231,4
DA:232,4
LF:71
LH:69
end_of_record
SF:lib/src/injector.dart
DA:31,60
DA:34,20
DA:37,40
DA:43,9
DA:45,46
DA:48,1
DA:49,3
DA:52,9
DA:53,9
DA:57,6
DA:59,6
DA:60,18
DA:65,9
DA:67,9
DA:68,27
DA:73,2
DA:75,2
DA:76,6
DA:81,3
DA:83,3
DA:84,6
DA:91,3
DA:93,3
DA:94,6
DA:95,3
DA:99,5
DA:103,35
DA:104,10
DA:105,10
DA:106,5
DA:111,1
DA:113,2
DA:114,1
DA:120,6
DA:122,18
DA:123,6
DA:125,12
DA:137,9
DA:139,9
DA:140,18
DA:142,8
DA:145,9
LF:42
LH:42
end_of_record
SF:lib/src/transition.dart
DA:45,0
DA:65,3
DA:71,3
DA:77,3
DA:80,4
DA:81,1
DA:84,1
DA:87,4
DA:88,1
DA:91,1
DA:94,4
DA:95,1
DA:98,1
DA:101,4
DA:102,1
DA:105,1
DA:108,6
DA:109,2
DA:110,2
LF:19
LH:18
end_of_record
SF:lib/src/models/binding_key_model.dart
DA:30,3
DA:35,10
DA:37,9
DA:40,9
DA:41,27
DA:42,27
DA:43,27
DA:45,9
DA:46,45
DA:48,4
DA:49,12
DA:54,1
DA:55,1
DA:60,9
DA:61,2
DA:62,9
DA:63,2
DA:75,2
LF:18
LH:18
end_of_record
SF:lib/src/notifiers/router_notifier.dart
DA:19,8
DA:24,4
DA:25,12
LF:3
LH:3
end_of_record
SF:lib/src/binds/factory_bind.dart
DA:30,7
DA:33,6
DA:34,12
DA:38,6
DA:40,6
LF:5
LH:5
end_of_record
SF:lib/src/binds/singleton_bind.dart
DA:39,10
DA:44,10
DA:45,30
DA:53,7
DA:55,7
DA:60,7
DA:61,2
DA:62,7
DA:63,2
DA:64,7
DA:65,0
DA:67,7
DA:69,7
DA:71,0
DA:72,0
DA:74,0
DA:79,7
DA:82,7
DA:83,2
DA:84,2
DA:90,7
DA:91,14
LF:22
LH:18
end_of_record
SF:lib/src/binds/lazy_singleton_bind.dart
DA:41,3
DA:45,3
DA:46,9
DA:54,3
DA:56,3
DA:61,3
DA:62,1
DA:63,3
DA:64,1
DA:65,3
DA:66,0
DA:69,3
DA:71,3
DA:73,0
DA:74,0
DA:76,0
DA:81,3
DA:84,3
DA:85,1
DA:86,1
DA:92,3
DA:93,6
LF:22
LH:18
end_of_record
SF:lib/src/routes/match_route.dart
DA:28,3
DA:30,1
DA:33,1
DA:34,3
DA:35,3
DA:36,3
DA:38,0
DA:39,0
DA:41,1
DA:42,3
LF:10
LH:8
end_of_record
SF:lib/src/routes/compiler_route.dart
DA:33,4
DA:36,3
DA:39,3
DA:45,8
DA:48,3
DA:58,1
DA:59,2
DA:61,2
DA:73,3
DA:76,0
DA:81,3
LF:11
LH:10
end_of_record
SF:lib/src/models/route_model.dart
DA:43,2
DA:52,1
DA:54,5
DA:56,1
DA:59,1
DA:60,3
DA:61,3
DA:62,3
DA:63,3
DA:64,3
DA:65,3
DA:66,3
DA:68,1
DA:70,3
DA:71,3
DA:72,3
DA:73,3
DA:74,4
DA:75,2
DA:86,1
DA:90,4
DA:91,4
DA:92,6
DA:94,1
DA:95,6
DA:114,1
DA:119,2
DA:120,1
DA:121,1
DA:122,4
DA:123,2
DA:124,2
DA:125,2
DA:126,1
DA:127,2
DA:129,1
DA:134,2
DA:141,1
DA:143,3
DA:144,2
DA:145,3
DA:156,1
DA:157,2
DA:158,1
DA:159,1
DA:160,3
DA:166,1
DA:167,2
DA:168,2
DA:169,1
DA:170,3
DA:183,1
DA:184,2
DA:197,2
DA:209,1
DA:210,2
DA:211,2
DA:212,1
DA:213,3
DA:226,1
DA:227,1
DA:228,2
DA:229,2
LF:63
LH:63
end_of_record
SF:lib/src/models/path_token_model.dart
DA:27,11
DA:32,4
DA:33,4
DA:38,5
DA:39,10
DA:41,1
DA:44,1
DA:45,3
DA:46,3
DA:48,1
DA:49,2
LF:11
LH:11
end_of_record
SF:lib/src/models/route_pattern_model.dart
DA:25,7
DA:31,7
DA:35,7
DA:36,7
DA:37,7
DA:45,7
DA:46,14
DA:47,5
DA:49,7
DA:50,27
DA:51,12
DA:53,18
DA:59,4
DA:62,3
DA:63,9
DA:64,15
DA:65,6
DA:68,4
DA:69,20
DA:71,1
DA:73,4
DA:77,2
DA:78,6
DA:79,6
DA:80,6
LF:25
LH:25
end_of_record
SF:lib/src/models/parameter_token_model.dart
DA:36,20
DA:41,8
DA:50,4
DA:52,8
DA:54,8
DA:55,2
DA:56,2
DA:58,6
DA:63,12
DA:70,5
DA:71,5
DA:73,1
DA:76,1
DA:77,3
DA:78,3
DA:79,3
DA:81,1
DA:82,3
LF:18
LH:18
end_of_record
SF:lib/src/extensions/context_state_extension.dart
DA:49,2
DA:55,3
DA:65,3
DA:71,3
DA:76,3
DA:86,3
DA:98,4
DA:110,0
DA:111,0
DA:112,0
DA:113,0
DA:114,0
DA:116,0
DA:120,4
DA:129,4
DA:137,4
DA:145,5
DA:155,1
DA:156,5
DA:165,1
DA:166,1
DA:167,1
DA:182,1
DA:183,4
DA:185,2
DA:200,1
DA:201,2
DA:202,1
DA:203,2
LF:29
LH:23
end_of_record
SF:lib/src/extensions/context_match_extension.dart
DA:28,2
DA:44,1
DA:45,4
DA:62,1
DA:63,4
DA:81,1
DA:82,1
DA:83,1
DA:84,3
DA:85,1
DA:110,1
DA:111,1
DA:112,1
DA:113,3
DA:114,1
DA:117,1
DA:118,1
DA:119,1
DA:122,1
DA:123,2
DA:124,1
DA:125,2
DA:126,1
DA:127,1
DA:128,2
DA:135,1
DA:136,2
DA:137,1
DA:138,1
DA:139,2
DA:140,1
DA:141,1
DA:142,0
DA:143,0
DA:150,1
DA:151,2
DA:152,3
DA:153,1
DA:154,2
DA:160,1
DA:161,2
DA:162,3
DA:163,1
DA:164,2
LF:44
LH:42
end_of_record
SF:lib/src/extensions/context_injection_extension.dart
DA:32,3
LF:1
LH:1
end_of_record
SF:lib/src/routes/paths/extract.dart
DA:15,3
DA:16,3
DA:17,3
DA:19,18
LF:4
LH:4
end_of_record
SF:lib/src/routes/paths/regexp.dart
DA:24,3
DA:29,3
DA:30,3
DA:52,4
DA:57,4
DA:60,8
DA:61,4
DA:62,4
DA:66,4
DA:67,1
DA:71,1
DA:74,8
LF:12
LH:12
end_of_record
SF:lib/src/routes/paths/function.dart
DA:31,6
DA:48,3
DA:49,3
DA:50,3
DA:51,6
DA:52,6
DA:55,3
LF:7
LH:7
end_of_record
SF:lib/src/models/guard_model.dart
DA:18,2
DA:22,1
DA:23,2
DA:25,1
DA:26,2
DA:28,0
DA:29,0
DA:31,2
DA:33,8
LF:9
LH:7
end_of_record
SF:lib/src/models/route_access_model.dart
DA:30,5
DA:32,1
DA:35,1
DA:36,3
DA:37,3
DA:38,3
DA:40,1
DA:41,3
DA:43,1
DA:44,3
LF:10
LH:10
end_of_record
SF:lib/src/routes/paths/parse.dart
DA:31,21
DA:51,7
DA:53,7
DA:54,14
DA:56,14
DA:57,14
DA:58,28
DA:61,7
DA:62,7
DA:65,2
DA:67,14
DA:68,5
DA:69,7
DA:72,14
DA:73,15
LF:15
LH:15
end_of_record
SF:lib/src/routes/paths/escape.dart
DA:9,9
DA:19,3
DA:35,3
DA:36,6
LF:4
LH:4
end_of_record
