SF:lib/src/modugo.dart
DA:17,0
DA:19,1
DA:20,1
DA:24,5
DA:26,5
DA:32,1
DA:34,1
DA:42,0
DA:48,0
DA:50,0
DA:52,0
DA:53,0
DA:55,0
DA:56,0
DA:58,5
DA:86,5
DA:89,10
DA:92,5
DA:94,5
LF:19
LH:11
end_of_record
SF:lib/src/module.dart
DA:17,4
DA:18,2
DA:19,5
DA:20,2
DA:24,5
DA:28,10
DA:29,10
DA:32,5
DA:33,5
DA:34,5
DA:39,15
DA:42,3
DA:45,3
DA:46,3
DA:47,3
DA:48,3
DA:49,6
DA:50,0
DA:51,0
DA:52,0
DA:55,0
DA:58,0
DA:65,3
DA:66,0
DA:67,0
DA:74,5
DA:75,5
DA:76,5
DA:77,17
DA:78,11
DA:79,5
DA:81,1
DA:87,2
DA:88,1
DA:89,5
DA:90,1
DA:92,1
DA:93,1
DA:94,2
DA:95,1
DA:97,0
DA:103,2
DA:105,1
DA:107,1
DA:109,3
DA:112,0
DA:114,0
DA:115,0
DA:119,0
DA:124,5
DA:127,5
DA:128,15
DA:129,2
DA:137,5
DA:138,10
DA:140,5
DA:141,6
DA:142,3
DA:143,3
DA:145,0
DA:150,1
DA:151,3
DA:152,1
DA:153,1
DA:159,0
DA:160,0
DA:163,0
DA:171,1
DA:172,1
DA:173,1
DA:174,1
DA:175,1
DA:176,1
DA:177,0
DA:178,0
DA:179,0
DA:182,0
DA:185,1
DA:186,0
DA:187,0
DA:189,2
DA:195,3
DA:196,6
DA:198,3
DA:199,4
DA:200,1
DA:203,6
DA:204,6
DA:206,12
DA:209,0
DA:214,0
DA:215,0
DA:218,0
DA:222,0
DA:223,0
DA:224,0
DA:225,0
DA:226,0
DA:227,0
DA:231,0
DA:237,0
DA:238,0
DA:241,0
DA:247,0
DA:250,0
DA:253,0
DA:255,0
DA:261,0
DA:264,0
DA:265,0
DA:266,0
DA:267,0
DA:270,0
DA:271,0
LF:114
LH:67
end_of_record
SF:lib/src/injectors/sync_injector.dart
DA:8,18
DA:17,6
DA:19,10
DA:21,5
DA:22,20
DA:23,6
DA:26,3
DA:28,6
DA:29,6
DA:31,3
DA:32,3
DA:34,1
DA:35,1
DA:37,6
DA:38,18
DA:40,12
DA:41,12
DA:45,5
DA:46,13
DA:47,3
DA:50,10
DA:53,1
DA:54,2
DA:56,2
DA:58,2
DA:61,5
DA:62,10
DA:65,6
DA:68,5
DA:71,3
DA:72,4
DA:74,1
DA:77,2
DA:78,1
DA:79,2
DA:81,0
DA:82,0
DA:84,0
DA:87,1
LF:39
LH:36
end_of_record
SF:lib/src/manager.dart
DA:19,18
DA:21,6
DA:23,12
DA:25,0
DA:26,0
DA:28,1
DA:30,1
DA:33,4
DA:34,4
DA:36,5
DA:37,10
DA:39,5
DA:41,5
DA:43,5
DA:44,5
DA:47,5
DA:49,10
DA:51,5
DA:52,5
DA:54,10
DA:56,9
DA:59,5
DA:60,5
DA:61,5
DA:62,9
DA:64,5
DA:67,5
DA:68,5
DA:69,5
DA:70,9
DA:74,7
DA:75,6
DA:76,2
DA:77,6
DA:82,5
DA:85,5
DA:89,1
DA:91,2
DA:92,3
DA:95,1
DA:97,2
DA:99,3
DA:100,2
DA:102,5
DA:103,3
DA:104,1
DA:106,2
DA:110,3
DA:112,6
DA:113,6
DA:115,3
DA:117,4
DA:118,4
DA:121,2
DA:122,0
DA:123,0
DA:124,0
DA:128,6
DA:129,4
DA:131,2
DA:132,0
DA:135,2
DA:136,0
DA:137,0
DA:138,0
DA:142,4
DA:145,5
DA:146,10
DA:148,5
DA:149,5
DA:151,5
DA:153,10
DA:155,10
DA:158,5
DA:159,20
DA:163,5
DA:165,0
DA:169,5
DA:171,0
DA:172,0
DA:173,0
DA:177,0
DA:180,5
DA:181,25
DA:184,2
DA:185,4
DA:186,10
DA:187,6
DA:188,0
DA:189,0
DA:194,4
DA:195,4
DA:196,4
DA:197,8
DA:198,8
DA:199,8
DA:203,4
DA:205,17
DA:208,4
DA:210,4
DA:211,10
DA:212,13
DA:215,4
DA:217,11
DA:220,4
DA:222,4
DA:223,10
DA:224,4
LF:108
LH:92
end_of_record
SF:lib/src/injectors/async_injector.dart
DA:8,9
DA:18,3
DA:25,3
DA:26,6
DA:28,6
DA:30,12
DA:33,3
DA:35,1
DA:40,0
DA:42,1
DA:43,3
DA:46,6
DA:48,6
DA:52,6
DA:53,3
DA:55,9
DA:57,9
DA:59,3
DA:61,3
DA:63,0
DA:68,6
DA:71,1
DA:72,1
DA:74,2
DA:75,1
DA:76,5
DA:83,3
DA:84,9
DA:85,3
DA:88,6
DA:91,1
DA:92,2
DA:94,1
DA:96,2
DA:99,3
DA:100,6
DA:103,6
DA:106,3
DA:109,3
DA:110,6
DA:112,3
DA:115,3
DA:116,6
DA:118,1
DA:119,1
DA:120,1
DA:123,0
DA:124,0
DA:126,0
DA:129,3
LF:50
LH:45
end_of_record
SF:lib/src/transitions/transition.dart
DA:14,0
DA:15,1
DA:21,1
DA:27,1
DA:30,2
DA:31,1
DA:34,1
DA:37,2
DA:38,1
DA:41,1
DA:44,2
DA:45,1
DA:48,1
DA:51,2
DA:52,1
DA:55,1
DA:58,2
DA:59,2
DA:60,2
LF:19
LH:18
end_of_record
SF:lib/src/routes/child_route.dart
DA:26,4
DA:37,1
DA:38,5
LF:3
LH:3
end_of_record
SF:lib/src/routes/module_route.dart
DA:14,2
DA:16,1
DA:17,4
LF:3
LH:3
end_of_record
SF:lib/src/routes/shell_module_route.dart
DA:34,2
DA:45,1
DA:46,1
DA:47,1
DA:48,1
DA:49,1
DA:50,1
DA:51,1
LF:8
LH:8
end_of_record
SF:lib/src/routes/models/route_model.dart
DA:16,1
DA:25,1
DA:27,5
DA:29,1
DA:30,7
DA:32,1
DA:36,4
DA:37,4
DA:38,4
DA:40,1
DA:41,6
DA:45,1
DA:50,1
DA:51,4
DA:52,3
DA:54,1
DA:56,1
DA:57,2
DA:58,3
DA:59,3
DA:63,1
DA:64,1
DA:65,1
DA:67,0
DA:70,1
DA:71,2
DA:73,2
DA:75,1
DA:77,3
LF:29
LH:28
end_of_record
